This is pdfTeX, Version 3.141592653-2.6-1.40.25 (TeX Live 2023/Debian) (preloaded format=pdflatex 2025.12.6)  18 FEB 2026 22:25
entering extended mode
 restricted \write18 enabled.
 file:line:error style messages enabled.
 %&-line parsing enabled.
**/home/hugo/git/personal/ainews-clustering/latex/hugo-sergio_report.tex
(/home/hugo/git/personal/ainews-clustering/latex/hugo-sergio_report.tex
LaTeX2e <2023-11-01> patch level 1
L3 programming layer <2024-01-22>
(/usr/share/texlive/texmf-dist/tex/latex/base/article.cls
Document Class: article 2023/05/17 v1.4n Standard LaTeX document class
(/usr/share/texlive/texmf-dist/tex/latex/base/size10.clo
File: size10.clo 2023/05/17 v1.4n Standard LaTeX file (size option)
)
\c@part=\count187
\c@section=\count188
\c@subsection=\count189
\c@subsubsection=\count190
\c@paragraph=\count191
\c@subparagraph=\count192
\c@figure=\count193
\c@table=\count194
\abovecaptionskip=\skip48
\belowcaptionskip=\skip49
\bibindent=\dimen140
) (/usr/share/texlive/texmf-dist/tex/latex/base/fontenc.sty
Package: fontenc 2021/04/29 v2.0v Standard LaTeX package
) (/usr/share/texlive/texmf-dist/tex/latex/base/inputenc.sty
Package: inputenc 2021/02/14 v1.3d Input encoding file
\inpenc@prehook=\toks17
\inpenc@posthook=\toks18
) (/usr/share/texlive/texmf-dist/tex/generic/babel/babel.sty
Package: babel 2024/01/07 v24.1 The Babel package
\babel@savecnt=\count195
\U@D=\dimen141
\l@unhyphenated=\language89
 (/usr/share/texlive/texmf-dist/tex/generic/babel/txtbabel.def)
\bbl@readstream=\read2
\bbl@dirlevel=\count196
 (/usr/share/texlive/texmf-dist/tex/generic/babel-english/english.ldf
Language: english 2017/06/06 v3.3r English support from the babel system
Package babel Info: Hyphen rules for 'canadian' set to \l@english
(babel)             (\language0). Reported on input line 102.
Package babel Info: Hyphen rules for 'australian' set to \l@ukenglish
(babel)             (\language31). Reported on input line 105.
Package babel Info: Hyphen rules for 'newzealand' set to \l@ukenglish
(babel)             (\language31). Reported on input line 108.
)) (/usr/share/texlive/texmf-dist/tex/generic/babel/locale/en/babel-english.tex
Package babel Info: Importing font and identification data for english
(babel)             from babel-en.ini. Reported on input line 11.
) (/usr/share/texmf/tex/latex/lm/lmodern.sty
Package: lmodern 2015/05/01 v1.6.1 Latin Modern Fonts
LaTeX Font Info:    Overwriting symbol font `operators' in version `normal'
(Font)                  OT1/cmr/m/n --> OT1/lmr/m/n on input line 22.
LaTeX Font Info:    Overwriting symbol font `letters' in version `normal'
(Font)                  OML/cmm/m/it --> OML/lmm/m/it on input line 23.
LaTeX Font Info:    Overwriting symbol font `symbols' in version `normal'
(Font)                  OMS/cmsy/m/n --> OMS/lmsy/m/n on input line 24.
LaTeX Font Info:    Overwriting symbol font `largesymbols' in version `normal'
(Font)                  OMX/cmex/m/n --> OMX/lmex/m/n on input line 25.
LaTeX Font Info:    Overwriting symbol font `operators' in version `bold'
(Font)                  OT1/cmr/bx/n --> OT1/lmr/bx/n on input line 26.
LaTeX Font Info:    Overwriting symbol font `letters' in version `bold'
(Font)                  OML/cmm/b/it --> OML/lmm/b/it on input line 27.
LaTeX Font Info:    Overwriting symbol font `symbols' in version `bold'
(Font)                  OMS/cmsy/b/n --> OMS/lmsy/b/n on input line 28.
LaTeX Font Info:    Overwriting symbol font `largesymbols' in version `bold'
(Font)                  OMX/cmex/m/n --> OMX/lmex/m/n on input line 29.
LaTeX Font Info:    Overwriting math alphabet `\mathbf' in version `normal'
(Font)                  OT1/cmr/bx/n --> OT1/lmr/bx/n on input line 31.
LaTeX Font Info:    Overwriting math alphabet `\mathsf' in version `normal'
(Font)                  OT1/cmss/m/n --> OT1/lmss/m/n on input line 32.
LaTeX Font Info:    Overwriting math alphabet `\mathit' in version `normal'
(Font)                  OT1/cmr/m/it --> OT1/lmr/m/it on input line 33.
LaTeX Font Info:    Overwriting math alphabet `\mathtt' in version `normal'
(Font)                  OT1/cmtt/m/n --> OT1/lmtt/m/n on input line 34.
LaTeX Font Info:    Overwriting math alphabet `\mathbf' in version `bold'
(Font)                  OT1/cmr/bx/n --> OT1/lmr/bx/n on input line 35.
LaTeX Font Info:    Overwriting math alphabet `\mathsf' in version `bold'
(Font)                  OT1/cmss/bx/n --> OT1/lmss/bx/n on input line 36.
LaTeX Font Info:    Overwriting math alphabet `\mathit' in version `bold'
(Font)                  OT1/cmr/bx/it --> OT1/lmr/bx/it on input line 37.
LaTeX Font Info:    Overwriting math alphabet `\mathtt' in version `bold'
(Font)                  OT1/cmtt/m/n --> OT1/lmtt/m/n on input line 38.
) (/usr/share/texlive/texmf-dist/tex/latex/geometry/geometry.sty
Package: geometry 2020/01/02 v5.9 Page Geometry
 (/usr/share/texlive/texmf-dist/tex/latex/graphics/keyval.sty
Package: keyval 2022/05/29 v1.15 key=value parser (DPC)
\KV@toks@=\toks19
) (/usr/share/texlive/texmf-dist/tex/generic/iftex/ifvtex.sty
Package: ifvtex 2019/10/25 v1.7 ifvtex legacy package. Use iftex instead.
 (/usr/share/texlive/texmf-dist/tex/generic/iftex/iftex.sty
Package: iftex 2022/02/03 v1.0f TeX engine tests
))
\Gm@cnth=\count197
\Gm@cntv=\count198
\c@Gm@tempcnt=\count199
\Gm@bindingoffset=\dimen142
\Gm@wd@mp=\dimen143
\Gm@odd@mp=\dimen144
\Gm@even@mp=\dimen145
\Gm@layoutwidth=\dimen146
\Gm@layoutheight=\dimen147
\Gm@layouthoffset=\dimen148
\Gm@layoutvoffset=\dimen149
\Gm@dimlist=\toks20
) (/usr/share/texlive/texmf-dist/tex/latex/graphics/graphicx.sty
Package: graphicx 2021/09/16 v1.2d Enhanced LaTeX Graphics (DPC,SPQR)
 (/usr/share/texlive/texmf-dist/tex/latex/graphics/graphics.sty
Package: graphics 2022/03/10 v1.4e Standard LaTeX Graphics (DPC,SPQR)
 (/usr/share/texlive/texmf-dist/tex/latex/graphics/trig.sty
Package: trig 2021/08/11 v1.11 sin cos tan (DPC)
) (/usr/share/texlive/texmf-dist/tex/latex/graphics-cfg/graphics.cfg
File: graphics.cfg 2016/06/04 v1.11 sample graphics configuration
)
Package graphics Info: Driver file: pdftex.def on input line 107.
 (/usr/share/texlive/texmf-dist/tex/latex/graphics-def/pdftex.def
File: pdftex.def 2022/09/22 v1.2b Graphics/color driver for pdftex
))
\Gin@req@height=\dimen150
\Gin@req@width=\dimen151
) (/usr/share/texlive/texmf-dist/tex/latex/titlesec/titlesec.sty
Package: titlesec 2023/10/27 v2.16 Sectioning titles
\ttl@box=\box51
\beforetitleunit=\skip50
\aftertitleunit=\skip51
\ttl@plus=\dimen152
\ttl@minus=\dimen153
\ttl@toksa=\toks21
\titlewidth=\dimen154
\titlewidthlast=\dimen155
\titlewidthfirst=\dimen156
) (/usr/share/texlive/texmf-dist/tex/latex/enumitem/enumitem.sty
Package: enumitem 2019/06/20 v3.9 Customized lists
\labelindent=\skip52
\enit@outerparindent=\dimen157
\enit@toks=\toks22
\enit@inbox=\box52
\enit@count@id=\count266
\enitdp@description=\count267
) (/usr/share/texlive/texmf-dist/tex/latex/setspace/setspace.sty
Package: setspace 2022/12/04 v6.7b set line spacing
) (/usr/share/texlive/texmf-dist/tex/latex/tools/multicol.sty
Package: multicol 2023/03/30 v1.9f multicolumn formatting (FMi)
\c@tracingmulticols=\count268
\mult@box=\box53
\multicol@leftmargin=\dimen158
\c@unbalance=\count269
\c@collectmore=\count270
\doublecol@number=\count271
\multicoltolerance=\count272
\multicolpretolerance=\count273
\full@width=\dimen159
\page@free=\dimen160
\premulticols=\dimen161
\postmulticols=\dimen162
\multicolsep=\skip53
\multicolbaselineskip=\skip54
\partial@page=\box54
\last@line=\box55
\mc@boxedresult=\box56
\maxbalancingoverflow=\dimen163
\mult@rightbox=\box57
\mult@grightbox=\box58
\mult@firstbox=\box59
\mult@gfirstbox=\box60
\@tempa=\box61
\@tempa=\box62
\@tempa=\box63
\@tempa=\box64
\@tempa=\box65
\@tempa=\box66
\@tempa=\box67
\@tempa=\box68
\@tempa=\box69
\@tempa=\box70
\@tempa=\box71
\@tempa=\box72
\@tempa=\box73
\@tempa=\box74
\@tempa=\box75
\@tempa=\box76
\@tempa=\box77
\@tempa=\box78
\@tempa=\box79
\@tempa=\box80
\@tempa=\box81
\@tempa=\box82
\@tempa=\box83
\@tempa=\box84
\@tempa=\box85
\@tempa=\box86
\@tempa=\box87
\@tempa=\box88
\@tempa=\box89
\@tempa=\box90
\@tempa=\box91
\@tempa=\box92
\@tempa=\box93
\@tempa=\box94
\@tempa=\box95
\@tempa=\box96
\c@minrows=\count274
\c@columnbadness=\count275
\c@finalcolumnbadness=\count276
\last@try=\dimen164
\multicolovershoot=\dimen165
\multicolundershoot=\dimen166
\mult@nat@firstbox=\box97
\colbreak@box=\box98
\mc@col@check@num=\count277
) (/usr/share/texlive/texmf-dist/tex/latex/url/url.sty
\Urlmuskip=\muskip16
Package: url 2013/09/16  ver 3.4  Verb mode for urls, etc.
) (/usr/share/texlive/texmf-dist/tex/latex/hyperref/hyperref.sty
Package: hyperref 2024-01-20 v7.01h Hypertext links for LaTeX
 (/usr/share/texlive/texmf-dist/tex/latex/kvsetkeys/kvsetkeys.sty
Package: kvsetkeys 2022-10-05 v1.19 Key value parser (HO)
) (/usr/share/texlive/texmf-dist/tex/generic/kvdefinekeys/kvdefinekeys.sty
Package: kvdefinekeys 2019-12-19 v1.6 Define keys (HO)
) (/usr/share/texlive/texmf-dist/tex/generic/pdfescape/pdfescape.sty
Package: pdfescape 2019/12/09 v1.15 Implements pdfTeX's escape features (HO)
 (/usr/share/texlive/texmf-dist/tex/generic/ltxcmds/ltxcmds.sty
Package: ltxcmds 2023-12-04 v1.26 LaTeX kernel commands for general use (HO)
) (/usr/share/texlive/texmf-dist/tex/generic/pdftexcmds/pdftexcmds.sty
Package: pdftexcmds 2020-06-27 v0.33 Utility functions of pdfTeX for LuaTeX (HO)
 (/usr/share/texlive/texmf-dist/tex/generic/infwarerr/infwarerr.sty
Package: infwarerr 2019/12/03 v1.5 Providing info/warning/error messages (HO)
)
Package pdftexcmds Info: \pdf@primitive is available.
Package pdftexcmds Info: \pdf@ifprimitive is available.
Package pdftexcmds Info: \pdfdraftmode found.
)) (/usr/share/texlive/texmf-dist/tex/latex/hycolor/hycolor.sty
Package: hycolor 2020-01-27 v1.10 Color options for hyperref/bookmark (HO)
) (/usr/share/texlive/texmf-dist/tex/latex/auxhook/auxhook.sty
Package: auxhook 2019-12-17 v1.6 Hooks for auxiliary files (HO)
) (/usr/share/texlive/texmf-dist/tex/latex/hyperref/nameref.sty
Package: nameref 2023-11-26 v2.56 Cross-referencing by name of section
 (/usr/share/texlive/texmf-dist/tex/latex/refcount/refcount.sty
Package: refcount 2019/12/15 v3.6 Data extraction from label references (HO)
) (/usr/share/texlive/texmf-dist/tex/generic/gettitlestring/gettitlestring.sty
Package: gettitlestring 2019/12/15 v1.6 Cleanup title references (HO)
 (/usr/share/texlive/texmf-dist/tex/latex/kvoptions/kvoptions.sty
Package: kvoptions 2022-06-15 v3.15 Key value format for package options (HO)
))
\c@section@level=\count278
) (/usr/share/texlive/texmf-dist/tex/latex/etoolbox/etoolbox.sty
Package: etoolbox 2020/10/05 v2.5k e-TeX tools for LaTeX (JAW)
\etb@tempcnta=\count279
)
\@linkdim=\dimen167
\Hy@linkcounter=\count280
\Hy@pagecounter=\count281
 (/usr/share/texlive/texmf-dist/tex/latex/hyperref/pd1enc.def
File: pd1enc.def 2024-01-20 v7.01h Hyperref: PDFDocEncoding definition (HO)
Now handling font encoding PD1 ...
... no UTF-8 mapping file for font encoding PD1
) (/usr/share/texlive/texmf-dist/tex/generic/intcalc/intcalc.sty
Package: intcalc 2019/12/15 v1.3 Expandable calculations with integers (HO)
)
\Hy@SavedSpaceFactor=\count282
 (/usr/share/texlive/texmf-dist/tex/latex/hyperref/puenc.def
File: puenc.def 2024-01-20 v7.01h Hyperref: PDF Unicode definition (HO)
Now handling font encoding PU ...
... no UTF-8 mapping file for font encoding PU
)
Package hyperref Info: Hyper figures OFF on input line 4179.
Package hyperref Info: Link nesting OFF on input line 4184.
Package hyperref Info: Hyper index ON on input line 4187.
Package hyperref Info: Plain pages OFF on input line 4194.
Package hyperref Info: Backreferencing OFF on input line 4199.
Package hyperref Info: Implicit mode ON; LaTeX internals redefined.
Package hyperref Info: Bookmarks ON on input line 4446.
\c@Hy@tempcnt=\count283
LaTeX Info: Redefining \url on input line 4784.
\XeTeXLinkMargin=\dimen168
 (/usr/share/texlive/texmf-dist/tex/generic/bitset/bitset.sty
Package: bitset 2019/12/09 v1.3 Handle bit-vector datatype (HO)
 (/usr/share/texlive/texmf-dist/tex/generic/bigintcalc/bigintcalc.sty
Package: bigintcalc 2019/12/15 v1.5 Expandable calculations on big integers (HO)
))
\Fld@menulength=\count284
\Field@Width=\dimen169
\Fld@charsize=\dimen170
Package hyperref Info: Hyper figures OFF on input line 6063.
Package hyperref Info: Link nesting OFF on input line 6068.
Package hyperref Info: Hyper index ON on input line 6071.
Package hyperref Info: backreferencing OFF on input line 6078.
Package hyperref Info: Link coloring OFF on input line 6083.
Package hyperref Info: Link coloring with OCG OFF on input line 6088.
Package hyperref Info: PDF/A mode OFF on input line 6093.
 (/usr/share/texlive/texmf-dist/tex/latex/base/atbegshi-ltx.sty
Package: atbegshi-ltx 2021/01/10 v1.0c Emulation of the original atbegshi
package with kernel methods
)
\Hy@abspage=\count285
\c@Item=\count286
\c@Hfootnote=\count287
)
Package hyperref Info: Driver (autodetected): hpdftex.
 (/usr/share/texlive/texmf-dist/tex/latex/hyperref/hpdftex.def
File: hpdftex.def 2024-01-20 v7.01h Hyperref driver for pdfTeX
 (/usr/share/texlive/texmf-dist/tex/latex/base/atveryend-ltx.sty
Package: atveryend-ltx 2020/08/19 v1.0a Emulation of the original atveryend package
with kernel methods
)
\Fld@listcount=\count288
\c@bookmark@seq@number=\count289
 (/usr/share/texlive/texmf-dist/tex/latex/rerunfilecheck/rerunfilecheck.sty
Package: rerunfilecheck 2022-07-10 v1.10 Rerun checks for auxiliary files (HO)
 (/usr/share/texlive/texmf-dist/tex/generic/uniquecounter/uniquecounter.sty
Package: uniquecounter 2019/12/15 v1.4 Provide unlimited unique counter (HO)
)
Package uniquecounter Info: New unique counter `rerunfilecheck' on input line 285.
)
\Hy@SectionHShift=\skip55
) (/usr/share/texlive/texmf-dist/tex/latex/booktabs/booktabs.sty
Package: booktabs 2020/01/12 v1.61803398 Publication quality tables
\heavyrulewidth=\dimen171
\lightrulewidth=\dimen172
\cmidrulewidth=\dimen173
\belowrulesep=\dimen174
\belowbottomsep=\dimen175
\aboverulesep=\dimen176
\abovetopsep=\dimen177
\cmidrulesep=\dimen178
\cmidrulekern=\dimen179
\defaultaddspace=\dimen180
\@cmidla=\count290
\@cmidlb=\count291
\@aboverulesep=\dimen181
\@belowrulesep=\dimen182
\@thisruleclass=\count292
\@lastruleclass=\count293
\@thisrulewidth=\dimen183
) (/usr/share/texlive/texmf-dist/tex/latex/tools/array.sty
Package: array 2023/10/16 v2.5g Tabular extension package (FMi)
\col@sep=\dimen184
\ar@mcellbox=\box99
\extrarowheight=\dimen185
\NC@list=\toks23
\extratabsurround=\skip56
\backup@length=\skip57
\ar@cellbox=\box100
) (/usr/share/texlive/texmf-dist/tex/latex/caption/caption.sty
Package: caption 2023/08/05 v3.6o Customizing captions (AR)
 (/usr/share/texlive/texmf-dist/tex/latex/caption/caption3.sty
Package: caption3 2023/07/31 v2.4d caption3 kernel (AR)
\caption@tempdima=\dimen186
\captionmargin=\dimen187
\caption@leftmargin=\dimen188
\caption@rightmargin=\dimen189
\caption@width=\dimen190
\caption@indent=\dimen191
\caption@parindent=\dimen192
\caption@hangindent=\dimen193
Package caption Info: Standard document class detected.
)
\c@caption@flags=\count294
\c@continuedfloat=\count295
Package caption Info: hyperref package is loaded.
) (/usr/share/texlive/texmf-dist/tex/latex/caption/subcaption.sty
Package: subcaption 2023/07/28 v1.6b Sub-captions (AR)
Package caption Info: New subtype `subfigure' on input line 238.
\c@subfigure=\count296
Package caption Info: New subtype `subtable' on input line 238.
\c@subtable=\count297
) (/usr/share/texlive/texmf-dist/tex/latex/biblatex/biblatex.sty
Package: biblatex 2023/03/05 v3.19 programmable bibliographies (PK/MW)
 (/usr/share/texlive/texmf-dist/tex/latex/logreq/logreq.sty
Package: logreq 2010/08/04 v1.0 xml request logger
\lrq@indent=\count298
 (/usr/share/texlive/texmf-dist/tex/latex/logreq/logreq.def
File: logreq.def 2010/08/04 v1.0 logreq spec v1.0
)) (/usr/share/texlive/texmf-dist/tex/latex/base/ifthen.sty
Package: ifthen 2022/04/13 v1.1d Standard LaTeX ifthen package (DPC)
)
\c@tabx@nest=\count299
\c@listtotal=\count300
\c@listcount=\count301
\c@liststart=\count302
\c@liststop=\count303
\c@citecount=\count304
\c@citetotal=\count305
\c@multicitecount=\count306
\c@multicitetotal=\count307
\c@instcount=\count308
\c@maxnames=\count309
\c@minnames=\count310
\c@maxitems=\count311
\c@minitems=\count312
\c@citecounter=\count313
\c@maxcitecounter=\count314
\c@savedcitecounter=\count315
\c@uniquelist=\count316
\c@uniquename=\count317
\c@refsection=\count318
\c@refsegment=\count319
\c@maxextratitle=\count320
\c@maxextratitleyear=\count321
\c@maxextraname=\count322
\c@maxextradate=\count323
\c@maxextraalpha=\count324
\c@abbrvpenalty=\count325
\c@highnamepenalty=\count326
\c@lownamepenalty=\count327
\c@maxparens=\count328
\c@parenlevel=\count329
\blx@tempcnta=\count330
\blx@tempcntb=\count331
\blx@tempcntc=\count332
\c@blx@maxsection=\count333
\blx@maxsegment@0=\count334
\blx@notetype=\count335
\blx@parenlevel@text=\count336
\blx@parenlevel@foot=\count337
\blx@sectionciteorder@0=\count338
\blx@sectionciteorderinternal@0=\count339
\blx@entrysetcounter=\count340
\blx@biblioinstance=\count341
\labelnumberwidth=\skip58
\labelalphawidth=\skip59
\biblabelsep=\skip60
\bibitemsep=\skip61
\bibnamesep=\skip62
\bibinitsep=\skip63
\bibparsep=\skip64
\bibhang=\skip65
\blx@bcfin=\read3
\blx@bcfout=\write3
\blx@langwohyphens=\language90
\c@mincomprange=\count342
\c@maxcomprange=\count343
\c@mincompwidth=\count344
Package biblatex Info: Trying to load biblatex default data model...
Package biblatex Info: ... file 'blx-dm.def' found.
 (/usr/share/texlive/texmf-dist/tex/latex/biblatex/blx-dm.def
File: blx-dm.def 2023/03/05 v3.19 biblatex localization (PK/MW)
)
Package biblatex Info: Trying to load biblatex style data model...
Package biblatex Info: ... file 'numeric.dbx' not found.
Package biblatex Info: Trying to load biblatex custom data model...
Package biblatex Info: ... file 'biblatex-dm.cfg' not found.
\c@afterword=\count345
\c@savedafterword=\count346
\c@annotator=\count347
\c@savedannotator=\count348
\c@author=\count349
\c@savedauthor=\count350
\c@bookauthor=\count351
\c@savedbookauthor=\count352
\c@commentator=\count353
\c@savedcommentator=\count354
\c@editor=\count355
\c@savededitor=\count356
\c@editora=\count357
\c@savededitora=\count358
\c@editorb=\count359
\c@savededitorb=\count360
\c@editorc=\count361
\c@savededitorc=\count362
\c@foreword=\count363
\c@savedforeword=\count364
\c@holder=\count365
\c@savedholder=\count366
\c@introduction=\count367
\c@savedintroduction=\count368
\c@namea=\count369
\c@savednamea=\count370
\c@nameb=\count371
\c@savednameb=\count372
\c@namec=\count373
\c@savednamec=\count374
\c@translator=\count375
\c@savedtranslator=\count376
\c@shortauthor=\count377
\c@savedshortauthor=\count378
\c@shorteditor=\count379
\c@savedshorteditor=\count380
\c@labelname=\count381
\c@savedlabelname=\count382
\c@institution=\count383
\c@savedinstitution=\count384
\c@lista=\count385
\c@savedlista=\count386
\c@listb=\count387
\c@savedlistb=\count388
\c@listc=\count389
\c@savedlistc=\count390
\c@listd=\count391
\c@savedlistd=\count392
\c@liste=\count393
\c@savedliste=\count394
\c@listf=\count395
\c@savedlistf=\count396
\c@location=\count397
\c@savedlocation=\count398
\c@organization=\count399
\c@savedorganization=\count400
\c@origlocation=\count401
\c@savedoriglocation=\count402
\c@origpublisher=\count403
\c@savedorigpublisher=\count404
\c@publisher=\count405
\c@savedpublisher=\count406
\c@language=\count407
\c@savedlanguage=\count408
\c@origlanguage=\count409
\c@savedoriglanguage=\count410
\c@pageref=\count411
\c@savedpageref=\count412
\shorthandwidth=\skip66
\shortjournalwidth=\skip67
\shortserieswidth=\skip68
\shorttitlewidth=\skip69
\shortauthorwidth=\skip70
\shorteditorwidth=\skip71
\locallabelnumberwidth=\skip72
\locallabelalphawidth=\skip73
\localshorthandwidth=\skip74
\localshortjournalwidth=\skip75
\localshortserieswidth=\skip76
\localshorttitlewidth=\skip77
\localshortauthorwidth=\skip78
\localshorteditorwidth=\skip79
Package biblatex Info: Trying to load compatibility code...
Package biblatex Info: ... file 'blx-compat.def' found.
 (/usr/share/texlive/texmf-dist/tex/latex/biblatex/blx-compat.def
File: blx-compat.def 2023/03/05 v3.19 biblatex compatibility (PK/MW)
)
Package biblatex Info: Trying to load generic definitions...
Package biblatex Info: ... file 'biblatex.def' found.
 (/usr/share/texlive/texmf-dist/tex/latex/biblatex/biblatex.def
File: biblatex.def 2023/03/05 v3.19 biblatex compatibility (PK/MW)
\c@textcitecount=\count413
\c@textcitetotal=\count414
\c@textcitemaxnames=\count415
\c@biburlbigbreakpenalty=\count416
\c@biburlbreakpenalty=\count417
\c@biburlnumpenalty=\count418
\c@biburlucpenalty=\count419
\c@biburllcpenalty=\count420
\biburlbigskip=\muskip17
\biburlnumskip=\muskip18
\biburlucskip=\muskip19
\biburllcskip=\muskip20
\c@smartand=\count421
)
Package biblatex Info: Trying to load bibliography style 'numeric'...
Package biblatex Info: ... file 'numeric.bbx' found.
 (/usr/share/texlive/texmf-dist/tex/latex/biblatex/bbx/numeric.bbx
File: numeric.bbx 2023/03/05 v3.19 biblatex bibliography style (PK/MW)
Package biblatex Info: Trying to load bibliography style 'standard'...
Package biblatex Info: ... file 'standard.bbx' found.
 (/usr/share/texlive/texmf-dist/tex/latex/biblatex/bbx/standard.bbx
File: standard.bbx 2023/03/05 v3.19 biblatex bibliography style (PK/MW)
\c@bbx:relatedcount=\count422
\c@bbx:relatedtotal=\count423
))
Package biblatex Info: Trying to load citation style 'numeric'...
Package biblatex Info: ... file 'numeric.cbx' found.
 (/usr/share/texlive/texmf-dist/tex/latex/biblatex/cbx/numeric.cbx
File: numeric.cbx 2023/03/05 v3.19 biblatex citation style (PK/MW)
Package biblatex Info: Redefining '\cite'.
Package biblatex Info: Redefining '\parencite'.
Package biblatex Info: Redefining '\footcite'.
Package biblatex Info: Redefining '\footcitetext'.
Package biblatex Info: Redefining '\smartcite'.
Package biblatex Info: Redefining '\supercite'.
Package biblatex Info: Redefining '\textcite'.
Package biblatex Info: Redefining '\textcites'.
Package biblatex Info: Redefining '\cites'.
Package biblatex Info: Redefining '\parencites'.
Package biblatex Info: Redefining '\smartcites'.
)
Package biblatex Info: Trying to load configuration file...
Package biblatex Info: ... file 'biblatex.cfg' found.
 (/usr/share/texlive/texmf-dist/tex/latex/biblatex/biblatex.cfg
File: biblatex.cfg 
)
Package biblatex Info: Input encoding 'utf8' detected.
Package biblatex Info: Document encoding is UTF8 ....
 (/usr/share/texlive/texmf-dist/tex/latex/l3kernel/expl3.sty
Package: expl3 2024-01-22 L3 programming layer (loader) 
 (/usr/share/texlive/texmf-dist/tex/latex/l3backend/l3backend-pdftex.def
File: l3backend-pdftex.def 2024-01-04 L3 backend support: PDF output (pdfTeX)
\l__color_backend_stack_int=\count424
\l__pdf_internal_box=\box101
))
Package biblatex Info: ... and expl3
(biblatex)             2024-01-22 L3 programming layer (loader) 
(biblatex)             is new enough (at least 2020/04/06),
(biblatex)             setting 'casechanger=expl3'.
 (/usr/share/texlive/texmf-dist/tex/latex/biblatex/blx-case-expl3.sty (/usr/share/texlive/texmf-dist/tex/latex/l3packages/xparse/xparse.sty
Package: xparse 2023-10-10 L3 Experimental document command parser
)
Package: blx-case-expl3 2023/03/05 v3.19 expl3 case changing code for biblatex
))

Package biblatex Warning: 'babel/polyglossia' detected but 'csquotes' missing.
(biblatex)                Loading 'csquotes' recommended.

\@quotelevel=\count425
\@quotereset=\count426
LaTeX Font Info:    Trying to load font information for T1+lmr on input line 34.
(/usr/share/texmf/tex/latex/lm/t1lmr.fd
File: t1lmr.fd 2015/05/01 v1.6.1 Font defs for Latin Modern
) (./hugo-sergio_report.aux)
\openout1 = `hugo-sergio_report.aux'.

LaTeX Font Info:    Checking defaults for OML/cmm/m/it on input line 34.
LaTeX Font Info:    ... okay on input line 34.
LaTeX Font Info:    Checking defaults for OMS/cmsy/m/n on input line 34.
LaTeX Font Info:    ... okay on input line 34.
LaTeX Font Info:    Checking defaults for OT1/cmr/m/n on input line 34.
LaTeX Font Info:    ... okay on input line 34.
LaTeX Font Info:    Checking defaults for T1/cmr/m/n on input line 34.
LaTeX Font Info:    ... okay on input line 34.
LaTeX Font Info:    Checking defaults for TS1/cmr/m/n on input line 34.
LaTeX Font Info:    ... okay on input line 34.
LaTeX Font Info:    Checking defaults for OMX/cmex/m/n on input line 34.
LaTeX Font Info:    ... okay on input line 34.
LaTeX Font Info:    Checking defaults for U/cmr/m/n on input line 34.
LaTeX Font Info:    ... okay on input line 34.
LaTeX Font Info:    Checking defaults for PD1/pdf/m/n on input line 34.
LaTeX Font Info:    ... okay on input line 34.
LaTeX Font Info:    Checking defaults for PU/pdf/m/n on input line 34.
LaTeX Font Info:    ... okay on input line 34.

*geometry* driver: auto-detecting
*geometry* detected driver: pdftex
*geometry* verbose mode - [ preamble ] result:
* driver: pdftex
* paper: a4paper
* layout: <same size as paper>
* layoutoffset:(h,v)=(0.0pt,0.0pt)
* modes: 
* h-part:(L,W,R)=(56.9055pt, 483.69687pt, 56.9055pt)
* v-part:(T,H,B)=(62.59596pt, 719.85492pt, 62.59596pt)
* \paperwidth=597.50787pt
* \paperheight=845.04684pt
* \textwidth=483.69687pt
* \textheight=719.85492pt
* \oddsidemargin=-15.36449pt
* \evensidemargin=-15.36449pt
* \topmargin=-46.67403pt
* \headheight=12.0pt
* \headsep=25.0pt
* \topskip=10.0pt
* \footskip=30.0pt
* \marginparwidth=57.0pt
* \marginparsep=11.0pt
* \columnsep=22.76228pt
* \skip\footins=9.0pt plus 4.0pt minus 2.0pt
* \hoffset=0.0pt
* \voffset=0.0pt
* \mag=1000
* \@twocolumnfalse
* \@twosidefalse
* \@mparswitchfalse
* \@reversemarginfalse
* (1in=72.27pt=25.4mm, 1cm=28.453pt)

(/usr/share/texlive/texmf-dist/tex/context/base/mkii/supp-pdf.mkii
[Loading MPS to PDF converter (version 2006.09.02).]
\scratchcounter=\count427
\scratchdimen=\dimen194
\scratchbox=\box102
\nofMPsegments=\count428
\nofMParguments=\count429
\everyMPshowfont=\toks24
\MPscratchCnt=\count430
\MPscratchDim=\dimen195
\MPnumerator=\count431
\makeMPintoPDFobject=\count432
\everyMPtoPDFconversion=\toks25
) (/usr/share/texlive/texmf-dist/tex/latex/epstopdf-pkg/epstopdf-base.sty
Package: epstopdf-base 2020-01-24 v2.11 Base part for package epstopdf
Package epstopdf-base Info: Redefining graphics rule for `.eps' on input line 485.
 (/usr/share/texlive/texmf-dist/tex/latex/latexconfig/epstopdf-sys.cfg
File: epstopdf-sys.cfg 2010/07/13 v1.3 Configuration of (r)epstopdf for TeX Live
))
Package hyperref Info: Link coloring OFF on input line 34.
 (./hugo-sergio_report.out) (./hugo-sergio_report.out)
\@outlinefile=\write4
\openout4 = `hugo-sergio_report.out'.

Package caption Info: Begin \AtBeginDocument code.
Package caption Info: End \AtBeginDocument code.
Package biblatex Info: Trying to load language 'english'...
Package biblatex Info: ... file 'english.lbx' found.
 (/usr/share/texlive/texmf-dist/tex/latex/biblatex/lbx/english.lbx
File: english.lbx 2023/03/05 v3.19 biblatex localization (PK/MW)
)
Package biblatex Info: Input encoding 'utf8' detected.
Package biblatex Info: Automatic encoding selection.
(biblatex)             Assuming data encoding 'utf8'.
\openout3 = `hugo-sergio_report.bcf'.

Package biblatex Info: Trying to load bibliographic data...
Package biblatex Info: ... file 'hugo-sergio_report.bbl' found.
 (./hugo-sergio_report.bbl)
Package biblatex Info: Reference section=0 on input line 34.
Package biblatex Info: Reference segment=0 on input line 34.
<images/tecnico-mais-logo-horizontal.png, id=136, 225.84375pt x 97.86563pt>
File: images/tecnico-mais-logo-horizontal.png Graphic file (type png)
<use images/tecnico-mais-logo-horizontal.png>
Package pdftex.def Info: images/tecnico-mais-logo-horizontal.png  used on input line 39.
(pdftex.def)             Requested size: 131.32028pt x 56.9055pt.
LaTeX Font Info:    Trying to load font information for OT1+lmr on input line 48.
 (/usr/share/texmf/tex/latex/lm/ot1lmr.fd
File: ot1lmr.fd 2015/05/01 v1.6.1 Font defs for Latin Modern
)
LaTeX Font Info:    Trying to load font information for OML+lmm on input line 48.
 (/usr/share/texmf/tex/latex/lm/omllmm.fd
File: omllmm.fd 2015/05/01 v1.6.1 Font defs for Latin Modern
)
LaTeX Font Info:    Trying to load font information for OMS+lmsy on input line 48.
 (/usr/share/texmf/tex/latex/lm/omslmsy.fd
File: omslmsy.fd 2015/05/01 v1.6.1 Font defs for Latin Modern
)
LaTeX Font Info:    Trying to load font information for OMX+lmex on input line 48.
 (/usr/share/texmf/tex/latex/lm/omxlmex.fd
File: omxlmex.fd 2015/05/01 v1.6.1 Font defs for Latin Modern
)
LaTeX Font Info:    External font `lmex10' loaded for size
(Font)              <10> on input line 48.
LaTeX Font Info:    External font `lmex10' loaded for size
(Font)              <7> on input line 48.
LaTeX Font Info:    External font `lmex10' loaded for size
(Font)              <5> on input line 48.
 (./sections/abstract.tex
LaTeX Font Info:    Trying to load font information for T1+lmtt on input line 9.
 (/usr/share/texmf/tex/latex/lm/t1lmtt.fd
File: t1lmtt.fd 2015/05/01 v1.6.1 Font defs for Latin Modern
)) (./sections/01_data_profiling.tex
LaTeX Font Info:    External font `lmex10' loaded for size
(Font)              <9> on input line 23.
LaTeX Font Info:    External font `lmex10' loaded for size
(Font)              <6> on input line 23.
LaTeX Font Info:    Trying to load font information for TS1+lmr on input line 41.
 (/usr/share/texmf/tex/latex/lm/ts1lmr.fd
File: ts1lmr.fd 2015/05/01 v1.6.1 Font defs for Latin Modern
) [1

{/var/lib/texmf/fonts/map/pdftex/updmap/pdftex.map}{/usr/share/texmf/fonts/enc/dvips/lm/lm-ec.enc}{/usr/share/texmf/fonts/enc/dvips/lm/lm-mathit.enc}{/usr/share/texmf/fonts/enc/dvips/lm/lm-rm.enc}{/usr/share/texmf/fonts/enc/dvips/lm/lm-ts1.enc} <./images/tecnico-mais-logo-horizontal.png>]) (./sections/02_data_representation.tex
<images/images-clustering/theseus-topography-umap-base.png, id=165, 1130.2225pt x 1130.2225pt>
File: images/images-clustering/theseus-topography-umap-base.png Graphic file (type png)
<use images/images-clustering/theseus-topography-umap-base.png>
Package pdftex.def Info: images/images-clustering/theseus-topography-umap-base.png  used on input line 25.
(pdftex.def)             Requested size: 230.46729pt x 230.45541pt.


Package caption Warning: The option `hypcap=true' will be ignored for this
(caption)                particular \caption on input line 26.
See the caption package documentation for explanation.


Underfull \hbox (badness 10000) in paragraph at lines 35--36
\T1/lmr/m/n/10 er-a-tive prompt-weighting tech-nique us-ing the
 []

<images/images-clustering/theseus-topography-semantic-centrality.png, id=168, 931.68076pt x 347.49825pt>
File: images/images-clustering/theseus-topography-semantic-centrality.png Graphic file (type png)
<use images/images-clustering/theseus-topography-semantic-centrality.png>
Package pdftex.def Info: images/images-clustering/theseus-topography-semantic-centrality.png  used on input line 38.
(pdftex.def)             Requested size: 230.46729pt x 85.95702pt.

Package caption Warning: The option `hypcap=true' will be ignored for this
(caption)                particular \caption on input line 39.
See the caption package documentation for explanation.


Package hyperref Warning: Suppressing empty link on input line 45.


Package hyperref Warning: Suppressing empty link on input line 45.


Underfull \hbox (badness 10000) in paragraph at lines 45--46
[]\T1/lmr/m/n/10 This method-ol-ogy was ex-tended, but with
 []

) (./sections/03_clustering.tex [2{/usr/share/texmf/fonts/enc/dvips/lm/lm-mathsy.enc} <./images/images-clustering/theseus-topography-umap-base.png> <./images/images-clustering/theseus-topography-semantic-centrality.png>]
<images/images-clustering/theseus-topography-hdbscan-no-outliers.png, id=192, 523.20468pt x 523.20468pt>
File: images/images-clustering/theseus-topography-hdbscan-no-outliers.png Graphic file (type png)
<use images/images-clustering/theseus-topography-hdbscan-no-outliers.png>
Package pdftex.def Info: images/images-clustering/theseus-topography-hdbscan-no-outliers.png  used on input line 19.
(pdftex.def)             Requested size: 230.46729pt x 230.46623pt.


Package caption Warning: The option `hypcap=true' will be ignored for this
(caption)                particular \caption on input line 20.
See the caption package documentation for explanation.


Underfull \hbox (badness 10000) in paragraph at lines 26--26
|[]\T1/lmr/bx/n/12 Structural Seg-men-ta-tion (K-
 []

<images/images-clustering/theseus-topography-kmeans-w-outliers.png, id=195, 1130.2225pt x 1130.2225pt>
File: images/images-clustering/theseus-topography-kmeans-w-outliers.png Graphic file (type png)
<use images/images-clustering/theseus-topography-kmeans-w-outliers.png>
Package pdftex.def Info: images/images-clustering/theseus-topography-kmeans-w-outliers.png  used on input line 30.
(pdftex.def)             Requested size: 230.46729pt x 230.45541pt.

Package caption Warning: The option `hypcap=true' will be ignored for this
(caption)                particular \caption on input line 31.
See the caption package documentation for explanation.


Package hyperref Warning: Suppressing empty link on input line 35.

[3 <./images/images-clustering/theseus-topography-hdbscan-no-outliers.png> <./images/images-clustering/theseus-topography-kmeans-w-outliers.png>]
<images/dataset2/Clustering/base/elbow_method.png, id=209, 722.7pt x 433.62pt>
File: images/dataset2/Clustering/base/elbow_method.png Graphic file (type png)
<use images/dataset2/Clustering/base/elbow_method.png>
Package pdftex.def Info: images/dataset2/Clustering/base/elbow_method.png  used on input line 57.
(pdftex.def)             Requested size: 116.0899pt x 69.65189pt.
<images/dataset2/Clustering/base/silhouette_score.png, id=210, 722.7pt x 433.62pt>
File: images/dataset2/Clustering/base/silhouette_score.png Graphic file (type png)
<use images/dataset2/Clustering/base/silhouette_score.png>
Package pdftex.def Info: images/dataset2/Clustering/base/silhouette_score.png  used on input line 61.
(pdftex.def)             Requested size: 116.0899pt x 69.65189pt.
<images/dataset2/Clustering/base/kmeans_clusters_pca.png, id=211, 722.7pt x 578.16pt>
File: images/dataset2/Clustering/base/kmeans_clusters_pca.png Graphic file (type png)
<use images/dataset2/Clustering/base/kmeans_clusters_pca.png>
Package pdftex.def Info: images/dataset2/Clustering/base/kmeans_clusters_pca.png  used on input line 65.
(pdftex.def)             Requested size: 116.0899pt x 92.86919pt.
<images/dataset2/Clustering/base/hierarchical_clusters_pca.png, id=212, 722.7pt x 578.16pt>
File: images/dataset2/Clustering/base/hierarchical_clusters_pca.png Graphic file (type png)
<use images/dataset2/Clustering/base/hierarchical_clusters_pca.png>
Package pdftex.def Info: images/dataset2/Clustering/base/hierarchical_clusters_pca.png  used on input line 69.
(pdftex.def)             Requested size: 116.0899pt x 92.86919pt.
<images/dataset2/Clustering/fselection/elbow_method_fselection.png, id=215, 722.7pt x 433.62pt>
File: images/dataset2/Clustering/fselection/elbow_method_fselection.png Graphic file (type png)
<use images/dataset2/Clustering/fselection/elbow_method_fselection.png>
Package pdftex.def Info: images/dataset2/Clustering/fselection/elbow_method_fselection.png  used on input line 87.
(pdftex.def)             Requested size: 116.0899pt x 69.65189pt.
<images/dataset2/Clustering/fselection/silhouette_method_fselection.png, id=216, 722.7pt x 433.62pt>
File: images/dataset2/Clustering/fselection/silhouette_method_fselection.png Graphic file (type png)
<use images/dataset2/Clustering/fselection/silhouette_method_fselection.png>
Package pdftex.def Info: images/dataset2/Clustering/fselection/silhouette_method_fselection.png  used on input line 91.
(pdftex.def)             Requested size: 116.0899pt x 69.65189pt.
<images/dataset2/Clustering/fselection/kmeans_clusters_pca_fselection.png, id=217, 722.7pt x 578.16pt>
File: images/dataset2/Clustering/fselection/kmeans_clusters_pca_fselection.png Graphic file (type png)
<use images/dataset2/Clustering/fselection/kmeans_clusters_pca_fselection.png>
Package pdftex.def Info: images/dataset2/Clustering/fselection/kmeans_clusters_pca_fselection.png  used on input line 95.
(pdftex.def)             Requested size: 116.0899pt x 92.86919pt.
<images/dataset2/Clustering/fselection/hierarchical_clusters_pca_fselection.png, id=218, 722.7pt x 578.16pt>
File: images/dataset2/Clustering/fselection/hierarchical_clusters_pca_fselection.png Graphic file (type png)
<use images/dataset2/Clustering/fselection/hierarchical_clusters_pca_fselection.png>
Package pdftex.def Info: images/dataset2/Clustering/fselection/hierarchical_clusters_pca_fselection.png  used on input line 99.
(pdftex.def)             Requested size: 116.0899pt x 92.86919pt.
) (./sections/04_outlier_analysis.tex
Overfull \hbox (7.07901pt too wide) in paragraph at lines 13--13
|[]\T1/lmr/bx/n/14.4 OUTLIER/PATTERN ANAL-
 []

[4]
<images/images-clustering/theseus-topography-global-outliers.png, id=239, 1130.2225pt x 1130.2225pt>
File: images/images-clustering/theseus-topography-global-outliers.png Graphic file (type png)
<use images/images-clustering/theseus-topography-global-outliers.png>
Package pdftex.def Info: images/images-clustering/theseus-topography-global-outliers.png  used on input line 25.
(pdftex.def)             Requested size: 230.46729pt x 230.45541pt.


Package caption Warning: The option `hypcap=true' will be ignored for this
(caption)                particular \caption on input line 26.
See the caption package documentation for explanation.

<images/images-clustering/theseus-topography-local-outliers.png, id=240, 1130.2225pt x 1130.2225pt>
File: images/images-clustering/theseus-topography-local-outliers.png Graphic file (type png)
<use images/images-clustering/theseus-topography-local-outliers.png>
Package pdftex.def Info: images/images-clustering/theseus-topography-local-outliers.png  used on input line 36.
(pdftex.def)             Requested size: 230.46729pt x 230.45541pt.

Package caption Warning: The option `hypcap=true' will be ignored for this
(caption)                particular \caption on input line 37.
See the caption package documentation for explanation.

[5 <./images/dataset2/Clustering/base/elbow_method.png> <./images/dataset2/Clustering/base/silhouette_score.png> <./images/dataset2/Clustering/base/kmeans_clusters_pca.png> <./images/dataset2/Clustering/base/hierarchical_clusters_pca.png> <./images/dataset2/Clustering/fselection/elbow_method_fselection.png> <./images/dataset2/Clustering/fselection/silhouette_method_fselection.png> <./images/dataset2/Clustering/fselection/kmeans_clusters_pca_fselection.png> <./images/dataset2/Clustering/fselection/hierarchical_clusters_pca_fselection.png> <./images/images-clustering/theseus-topography-global-outliers.png>]
<images/images-clustering/theseus-topography-structural-outliers.png, id=258, 1130.2225pt x 1130.2225pt>
File: images/images-clustering/theseus-topography-structural-outliers.png Graphic file (type png)
<use images/images-clustering/theseus-topography-structural-outliers.png>
Package pdftex.def Info: images/images-clustering/theseus-topography-structural-outliers.png  used on input line 47.
(pdftex.def)             Requested size: 230.46729pt x 230.45541pt.


Package caption Warning: The option `hypcap=true' will be ignored for this
(caption)                particular \caption on input line 48.
See the caption package documentation for explanation.


Underfull \hbox (badness 10000) in paragraph at lines 52--52
|[]\T1/lmr/bx/n/12 Density-Based Se-man-tic Noise
 []

<images/images-clustering/theseus-topography-semantic-noise.png, id=259, 1130.2225pt x 1130.2225pt>
File: images/images-clustering/theseus-topography-semantic-noise.png Graphic file (type png)
<use images/images-clustering/theseus-topography-semantic-noise.png>
Package pdftex.def Info: images/images-clustering/theseus-topography-semantic-noise.png  used on input line 56.
(pdftex.def)             Requested size: 230.46729pt x 230.45541pt.

Package caption Warning: The option `hypcap=true' will be ignored for this
(caption)                particular \caption on input line 57.
See the caption package documentation for explanation.

<images/images-clustering/theseus-topography-no-outliers.png, id=260, 1130.2225pt x 1130.2225pt>
File: images/images-clustering/theseus-topography-no-outliers.png Graphic file (type png)
<use images/images-clustering/theseus-topography-no-outliers.png>
Package pdftex.def Info: images/images-clustering/theseus-topography-no-outliers.png  used on input line 65.
(pdftex.def)             Requested size: 230.46729pt x 230.45541pt.

Package caption Warning: The option `hypcap=true' will be ignored for this
(caption)                particular \caption on input line 66.
See the caption package documentation for explanation.

[6 <./images/images-clustering/theseus-topography-local-outliers.png> <./images/images-clustering/theseus-topography-structural-outliers.png> <./images/images-clustering/theseus-topography-semantic-noise.png>]
<images/images-clustering/theseus-topography-kmeans-no-outliers.png, id=274, 1130.2225pt x 1130.2225pt>
File: images/images-clustering/theseus-topography-kmeans-no-outliers.png Graphic file (type png)
<use images/images-clustering/theseus-topography-kmeans-no-outliers.png>
Package pdftex.def Info: images/images-clustering/theseus-topography-kmeans-no-outliers.png  used on input line 73.
(pdftex.def)             Requested size: 230.46729pt x 230.45541pt.


Package caption Warning: The option `hypcap=true' will be ignored for this
(caption)                particular \caption on input line 74.
See the caption package documentation for explanation.


Package hyperref Warning: Suppressing empty link on input line 78.

<images/dataset2/Outlier/base/mahalanobis_outliers_income_mntwines.png, id=278, 722.7pt x 505.89pt>
File: images/dataset2/Outlier/base/mahalanobis_outliers_income_mntwines.png Graphic file (type png)
<use images/dataset2/Outlier/base/mahalanobis_outliers_income_mntwines.png>
Package pdftex.def Info: images/dataset2/Outlier/base/mahalanobis_outliers_income_mntwines.png  used on input line 107.
(pdftex.def)             Requested size: 145.11053pt x 101.5776pt.
<images/dataset2/Outlier/base/lof_outliers_income_mntwines.png, id=279, 722.7pt x 505.89pt>
File: images/dataset2/Outlier/base/lof_outliers_income_mntwines.png Graphic file (type png)
<use images/dataset2/Outlier/base/lof_outliers_income_mntwines.png>
Package pdftex.def Info: images/dataset2/Outlier/base/lof_outliers_income_mntwines.png  used on input line 111.
(pdftex.def)             Requested size: 145.11053pt x 101.5776pt.
<images/dataset2/Outlier/base/ensemble_outliers_income_mntwines.png, id=280, 722.7pt x 505.89pt>
File: images/dataset2/Outlier/base/ensemble_outliers_income_mntwines.png Graphic file (type png)
<use images/dataset2/Outlier/base/ensemble_outliers_income_mntwines.png>
Package pdftex.def Info: images/dataset2/Outlier/base/ensemble_outliers_income_mntwines.png  used on input line 115.
(pdftex.def)             Requested size: 145.11053pt x 101.5776pt.
<images/dataset2/Outlier/fselection/mahalanobis_outliers_income_mntwines_fs.png, id=281, 722.7pt x 505.89pt>
File: images/dataset2/Outlier/fselection/mahalanobis_outliers_income_mntwines_fs.png Graphic file (type png)
<use images/dataset2/Outlier/fselection/mahalanobis_outliers_income_mntwines_fs.png>
Package pdftex.def Info: images/dataset2/Outlier/fselection/mahalanobis_outliers_income_mntwines_fs.png  used on input line 125.
(pdftex.def)             Requested size: 145.11053pt x 101.5776pt.
<images/dataset2/Outlier/fselection/lof_outliers_income_mntwines_fs.png, id=282, 722.7pt x 505.89pt>
File: images/dataset2/Outlier/fselection/lof_outliers_income_mntwines_fs.png Graphic file (type png)
<use images/dataset2/Outlier/fselection/lof_outliers_income_mntwines_fs.png>
Package pdftex.def Info: images/dataset2/Outlier/fselection/lof_outliers_income_mntwines_fs.png  used on input line 129.
(pdftex.def)             Requested size: 145.11053pt x 101.5776pt.
<images/dataset2/Outlier/fselection/ensemble_outliers_income_mntwines_fs.png, id=283, 722.7pt x 505.89pt>
File: images/dataset2/Outlier/fselection/ensemble_outliers_income_mntwines_fs.png Graphic file (type png)
<use images/dataset2/Outlier/fselection/ensemble_outliers_income_mntwines_fs.png>
Package pdftex.def Info: images/dataset2/Outlier/fselection/ensemble_outliers_income_mntwines_fs.png  used on input line 133.
(pdftex.def)             Requested size: 145.11053pt x 101.5776pt.
[7 <./images/images-clustering/theseus-topography-no-outliers.png> <./images/images-clustering/theseus-topography-kmeans-no-outliers.png>]
<images/images-clustering/theseus-topography-centrality.png, id=305, 1130.2225pt x 1130.2225pt>
File: images/images-clustering/theseus-topography-centrality.png Graphic file (type png)
<use images/images-clustering/theseus-topography-centrality.png>
Package pdftex.def Info: images/images-clustering/theseus-topography-centrality.png  used on input line 164.
(pdftex.def)             Requested size: 230.46729pt x 230.45541pt.


Package caption Warning: The option `hypcap=true' will be ignored for this
(caption)                particular \caption on input line 165.
See the caption package documentation for explanation.

[8 <./images/dataset2/Outlier/base/mahalanobis_outliers_income_mntwines.png> <./images/dataset2/Outlier/base/lof_outliers_income_mntwines.png> <./images/dataset2/Outlier/base/ensemble_outliers_income_mntwines.png> <./images/dataset2/Outlier/fselection/mahalanobis_outliers_income_mntwines_fs.png> <./images/dataset2/Outlier/fselection/lof_outliers_income_mntwines_fs.png> <./images/dataset2/Outlier/fselection/ensemble_outliers_income_mntwines_fs.png>]
Underfull \hbox (badness 10000) in paragraph at lines 169--169
|[]\T1/lmr/bx/n/12 Semantic Iden-tity (Blueprint)
 []


Package hyperref Warning: Suppressing empty link on input line 172.

<images/images-clustering/DNA-economic-momentum-2026-02-18.png, id=318, 2007.5pt x 2007.5pt>
File: images/images-clustering/DNA-economic-momentum-2026-02-18.png Graphic file (type png)
<use images/images-clustering/DNA-economic-momentum-2026-02-18.png>
Package pdftex.def Info: images/images-clustering/DNA-economic-momentum-2026-02-18.png  used on input line 175.
(pdftex.def)             Requested size: 230.46729pt x 230.4441pt.

Package caption Warning: The option `hypcap=true' will be ignored for this
(caption)                particular \caption on input line 176.
See the caption package documentation for explanation.

) (./sections/references.tex) [9 <./images/images-clustering/theseus-topography-centrality.png> <./images/images-clustering/DNA-economic-momentum-2026-02-18.png>]
Underfull \hbox (badness 6284) in paragraph at lines 74--74
\T1/lmtt/m/n/10 github . io / deep -[] representation -[]
 []


Underfull \hbox (badness 10000) in paragraph at lines 74--74
\T1/lmr/m/n/10 Shot Clas-si-fi-ca-tion''. In: \T1/lmr/m/it/10 arXiv preprint
 []

(./sections/appendix.tex
<images/images-clustering/theseus-topography-semantic-identity.png, id=348, 946.737pt x 491.436pt>
File: images/images-clustering/theseus-topography-semantic-identity.png Graphic file (type png)
<use images/images-clustering/theseus-topography-semantic-identity.png>
Package pdftex.def Info: images/images-clustering/theseus-topography-semantic-identity.png  used on input line 10.
(pdftex.def)             Requested size: 483.69687pt x 251.07896pt.


LaTeX Warning: `h' float specifier changed to `ht'.

<images/images-clustering/theseus-topography-hdbscan-w-outliers.png, id=349, 1130.2225pt x 1130.2225pt>
File: images/images-clustering/theseus-topography-hdbscan-w-outliers.png Graphic file (type png)
<use images/images-clustering/theseus-topography-hdbscan-w-outliers.png>
Package pdftex.def Info: images/images-clustering/theseus-topography-hdbscan-w-outliers.png  used on input line 20.
(pdftex.def)             Requested size: 483.69687pt x 483.69252pt.

LaTeX Warning: `h' float specifier changed to `ht'.

[10] [11 <./images/images-clustering/theseus-topography-semantic-identity.png>] [12 <./images/images-clustering/theseus-topography-hdbscan-w-outliers.png>]
<images/images-clustering/REGION-0-global-regulatory-&-policy-frameworks-2026-02-18.png, id=383, 2007.5pt x 2007.5pt>
File: images/images-clustering/REGION-0-global-regulatory-&-policy-frameworks-2026-02-18.png Graphic file (type png)
<use images/images-clustering/REGION-0-global-regulatory-&-policy-frameworks-2026-02-18.png>
Package pdftex.def Info: images/images-clustering/REGION-0-global-regulatory-&-policy-frameworks-2026-02-18.png  used on input line 33.
(pdftex.def)             Requested size: 145.11053pt x 145.10352pt.
<images/images-clustering/REGION-1-practical-ai-educational-narratives-2026-02-18.png, id=384, 2007.5pt x 2007.5pt>
File: images/images-clustering/REGION-1-practical-ai-educational-narratives-2026-02-18.png Graphic file (type png)
<use images/images-clustering/REGION-1-practical-ai-educational-narratives-2026-02-18.png>
Package pdftex.def Info: images/images-clustering/REGION-1-practical-ai-educational-narratives-2026-02-18.png  used on input line 39.
(pdftex.def)             Requested size: 145.11053pt x 145.10352pt.
<images/images-clustering/REGION-2-institutional-alignment-&-compliance-2026-02-18.png, id=385, 2007.5pt x 2007.5pt>
File: images/images-clustering/REGION-2-institutional-alignment-&-compliance-2026-02-18.png Graphic file (type png)
<use images/images-clustering/REGION-2-institutional-alignment-&-compliance-2026-02-18.png>
Package pdftex.def Info: images/images-clustering/REGION-2-institutional-alignment-&-compliance-2026-02-18.png  used on input line 45.
(pdftex.def)             Requested size: 145.11053pt x 145.10352pt.
<images/images-clustering/REGION-3-technological-market-expansion-2026-02-18.png, id=386, 2007.5pt x 2007.5pt>
File: images/images-clustering/REGION-3-technological-market-expansion-2026-02-18.png Graphic file (type png)
<use images/images-clustering/REGION-3-technological-market-expansion-2026-02-18.png>
Package pdftex.def Info: images/images-clustering/REGION-3-technological-market-expansion-2026-02-18.png  used on input line 51.
(pdftex.def)             Requested size: 145.11053pt x 145.10352pt.
<images/images-clustering/REGION-4-localized-innovation-dynamics-2026-02-18.png, id=387, 2007.5pt x 2007.5pt>
File: images/images-clustering/REGION-4-localized-innovation-dynamics-2026-02-18.png Graphic file (type png)
<use images/images-clustering/REGION-4-localized-innovation-dynamics-2026-02-18.png>
Package pdftex.def Info: images/images-clustering/REGION-4-localized-innovation-dynamics-2026-02-18.png  used on input line 57.
(pdftex.def)             Requested size: 145.11053pt x 145.10352pt.
<images/images-clustering/REGION-5-continental-ai-strategy-&-adoption-2026-02-18.png, id=388, 2007.5pt x 2007.5pt>
File: images/images-clustering/REGION-5-continental-ai-strategy-&-adoption-2026-02-18.png Graphic file (type png)
<use images/images-clustering/REGION-5-continental-ai-strategy-&-adoption-2026-02-18.png>
Package pdftex.def Info: images/images-clustering/REGION-5-continental-ai-strategy-&-adoption-2026-02-18.png  used on input line 63.
(pdftex.def)             Requested size: 145.11053pt x 145.10352pt.
<images/images-clustering/REGION-6-human-centric-ai-literacy-2026-02-18.png, id=389, 2007.5pt x 2007.5pt>
File: images/images-clustering/REGION-6-human-centric-ai-literacy-2026-02-18.png Graphic file (type png)
<use images/images-clustering/REGION-6-human-centric-ai-literacy-2026-02-18.png>
Package pdftex.def Info: images/images-clustering/REGION-6-human-centric-ai-literacy-2026-02-18.png  used on input line 69.
(pdftex.def)             Requested size: 145.11053pt x 145.10352pt.
<images/images-clustering/REGION-7-technical-enterprise-solutions-2026-02-18.png, id=390, 2007.5pt x 2007.5pt>
File: images/images-clustering/REGION-7-technical-enterprise-solutions-2026-02-18.png Graphic file (type png)
<use images/images-clustering/REGION-7-technical-enterprise-solutions-2026-02-18.png>
Package pdftex.def Info: images/images-clustering/REGION-7-technical-enterprise-solutions-2026-02-18.png  used on input line 75.
(pdftex.def)             Requested size: 145.11053pt x 145.10352pt.
<images/images-clustering/REGION-8-general-utility-&-service-ai-2026-02-18.png, id=391, 2007.5pt x 2007.5pt>
File: images/images-clustering/REGION-8-general-utility-&-service-ai-2026-02-18.png Graphic file (type png)
<use images/images-clustering/REGION-8-general-utility-&-service-ai-2026-02-18.png>
Package pdftex.def Info: images/images-clustering/REGION-8-general-utility-&-service-ai-2026-02-18.png  used on input line 85.
(pdftex.def)             Requested size: 145.11053pt x 145.10352pt.
<images/images-clustering/REGION-9-advanced-algorithmic-optimization-2026-02-18.png, id=392, 2007.5pt x 2007.5pt>
File: images/images-clustering/REGION-9-advanced-algorithmic-optimization-2026-02-18.png Graphic file (type png)
<use images/images-clustering/REGION-9-advanced-algorithmic-optimization-2026-02-18.png>
Package pdftex.def Info: images/images-clustering/REGION-9-advanced-algorithmic-optimization-2026-02-18.png  used on input line 91.
(pdftex.def)             Requested size: 145.11053pt x 145.10352pt.
<images/images-clustering/REGION-10-corporate-research-&-infrastructure-2026-02-18.png, id=393, 2007.5pt x 2007.5pt>
File: images/images-clustering/REGION-10-corporate-research-&-infrastructure-2026-02-18.png Graphic file (type png)
<use images/images-clustering/REGION-10-corporate-research-&-infrastructure-2026-02-18.png>
Package pdftex.def Info: images/images-clustering/REGION-10-corporate-research-&-infrastructure-2026-02-18.png  used on input line 97.
(pdftex.def)             Requested size: 145.11053pt x 145.10352pt.
<images/images-clustering/REGION-11-global-tech-frontier-analysis-2026-02-18.png, id=394, 2007.5pt x 2007.5pt>
File: images/images-clustering/REGION-11-global-tech-frontier-analysis-2026-02-18.png Graphic file (type png)
<use images/images-clustering/REGION-11-global-tech-frontier-analysis-2026-02-18.png>
Package pdftex.def Info: images/images-clustering/REGION-11-global-tech-frontier-analysis-2026-02-18.png  used on input line 103.
(pdftex.def)             Requested size: 145.11053pt x 145.10352pt.
<images/images-clustering/REGION-12-synthetic-intelligence-&-market-trends-2026-02-18.png, id=395, 2007.5pt x 2007.5pt>
File: images/images-clustering/REGION-12-synthetic-intelligence-&-market-trends-2026-02-18.png Graphic file (type png)
<use images/images-clustering/REGION-12-synthetic-intelligence-&-market-trends-2026-02-18.png>
Package pdftex.def Info: images/images-clustering/REGION-12-synthetic-intelligence-&-market-trends-2026-02-18.png  used on input line 109.
(pdftex.def)             Requested size: 145.11053pt x 145.10352pt.
<images/images-clustering/REGION-13-mainstream-economic-transformation-2026-02-18.png, id=396, 2007.5pt x 2007.5pt>
File: images/images-clustering/REGION-13-mainstream-economic-transformation-2026-02-18.png Graphic file (type png)
<use images/images-clustering/REGION-13-mainstream-economic-transformation-2026-02-18.png>
Package pdftex.def Info: images/images-clustering/REGION-13-mainstream-economic-transformation-2026-02-18.png  used on input line 115.
(pdftex.def)             Requested size: 145.11053pt x 145.10352pt.
<images/images-clustering/REGION-14-cross-border-ai-integration-2026-02-18.png, id=397, 2007.5pt x 2007.5pt>
File: images/images-clustering/REGION-14-cross-border-ai-integration-2026-02-18.png Graphic file (type png)
<use images/images-clustering/REGION-14-cross-border-ai-integration-2026-02-18.png>
Package pdftex.def Info: images/images-clustering/REGION-14-cross-border-ai-integration-2026-02-18.png  used on input line 121.
(pdftex.def)             Requested size: 145.11053pt x 145.10352pt.
 [13

] [14 <./images/images-clustering/REGION-0-global-regulatory-&-policy-frameworks-2026-02-18.png> <./images/images-clustering/REGION-1-practical-ai-educational-narratives-2026-02-18.png> <./images/images-clustering/REGION-2-institutional-alignment-&-compliance-2026-02-18.png> <./images/images-clustering/REGION-3-technological-market-expansion-2026-02-18.png> <./images/images-clustering/REGION-4-localized-innovation-dynamics-2026-02-18.png> <./images/images-clustering/REGION-5-continental-ai-strategy-&-adoption-2026-02-18.png> <./images/images-clustering/REGION-6-human-centric-ai-literacy-2026-02-18.png> <./images/images-clustering/REGION-7-technical-enterprise-solutions-2026-02-18.png>] [15 <./images/images-clustering/REGION-8-general-utility-&-service-ai-2026-02-18.png> <./images/images-clustering/REGION-9-advanced-algorithmic-optimization-2026-02-18.png> <./images/images-clustering/REGION-10-corporate-research-&-infrastructure-2026-02-18.png> <./images/images-clustering/REGION-11-global-tech-frontier-analysis-2026-02-18.png> <./images/images-clustering/REGION-12-synthetic-intelligence-&-market-trends-2026-02-18.png> <./images/images-clustering/REGION-13-mainstream-economic-transformation-2026-02-18.png> <./images/images-clustering/REGION-14-cross-border-ai-integration-2026-02-18.png>]
<images/images-clustering/REGION-0-global-regulatory-&-policy-frameworks-[core]-2026-02-18.png, id=429, 2007.5pt x 2007.5pt>
File: images/images-clustering/REGION-0-global-regulatory-&-policy-frameworks-[core]-2026-02-18.png Graphic file (type png)
<use images/images-clustering/REGION-0-global-regulatory-&-policy-frameworks-[core]-2026-02-18.png>
Package pdftex.def Info: images/images-clustering/REGION-0-global-regulatory-&-policy-frameworks-[core]-2026-02-18.png  used on input line 135.
(pdftex.def)             Requested size: 145.11053pt x 145.10352pt.
<images/images-clustering/REGION-1-practical-ai-educational-narratives-[core]-2026-02-18.png, id=430, 2007.5pt x 2007.5pt>
File: images/images-clustering/REGION-1-practical-ai-educational-narratives-[core]-2026-02-18.png Graphic file (type png)
<use images/images-clustering/REGION-1-practical-ai-educational-narratives-[core]-2026-02-18.png>
Package pdftex.def Info: images/images-clustering/REGION-1-practical-ai-educational-narratives-[core]-2026-02-18.png  used on input line 141.
(pdftex.def)             Requested size: 145.11053pt x 145.10352pt.
<images/images-clustering/REGION-2-institutional-alignment-&-compliance-[core]-2026-02-18.png, id=431, 2007.5pt x 2007.5pt>
File: images/images-clustering/REGION-2-institutional-alignment-&-compliance-[core]-2026-02-18.png Graphic file (type png)
<use images/images-clustering/REGION-2-institutional-alignment-&-compliance-[core]-2026-02-18.png>
Package pdftex.def Info: images/images-clustering/REGION-2-institutional-alignment-&-compliance-[core]-2026-02-18.png  used on input line 147.
(pdftex.def)             Requested size: 145.11053pt x 145.10352pt.
<images/images-clustering/REGION-3-technological-market-expansion-[core]-2026-02-18.png, id=432, 2007.5pt x 2007.5pt>
File: images/images-clustering/REGION-3-technological-market-expansion-[core]-2026-02-18.png Graphic file (type png)
<use images/images-clustering/REGION-3-technological-market-expansion-[core]-2026-02-18.png>
Package pdftex.def Info: images/images-clustering/REGION-3-technological-market-expansion-[core]-2026-02-18.png  used on input line 153.
(pdftex.def)             Requested size: 145.11053pt x 145.10352pt.
<images/images-clustering/REGION-4-localized-innovation-dynamics-[core]-2026-02-18.png, id=433, 2007.5pt x 2007.5pt>
File: images/images-clustering/REGION-4-localized-innovation-dynamics-[core]-2026-02-18.png Graphic file (type png)
<use images/images-clustering/REGION-4-localized-innovation-dynamics-[core]-2026-02-18.png>
Package pdftex.def Info: images/images-clustering/REGION-4-localized-innovation-dynamics-[core]-2026-02-18.png  used on input line 159.
(pdftex.def)             Requested size: 145.11053pt x 145.10352pt.
<images/images-clustering/REGION-5-continental-ai-strategy-&-adoption-[core]-2026-02-18.png, id=434, 2007.5pt x 2007.5pt>
File: images/images-clustering/REGION-5-continental-ai-strategy-&-adoption-[core]-2026-02-18.png Graphic file (type png)
<use images/images-clustering/REGION-5-continental-ai-strategy-&-adoption-[core]-2026-02-18.png>
Package pdftex.def Info: images/images-clustering/REGION-5-continental-ai-strategy-&-adoption-[core]-2026-02-18.png  used on input line 165.
(pdftex.def)             Requested size: 145.11053pt x 145.10352pt.
<images/images-clustering/REGION-6-human-centric-ai-literacy-[core]-2026-02-18.png, id=435, 2007.5pt x 2007.5pt>
File: images/images-clustering/REGION-6-human-centric-ai-literacy-[core]-2026-02-18.png Graphic file (type png)
<use images/images-clustering/REGION-6-human-centric-ai-literacy-[core]-2026-02-18.png>
Package pdftex.def Info: images/images-clustering/REGION-6-human-centric-ai-literacy-[core]-2026-02-18.png  used on input line 171.
(pdftex.def)             Requested size: 145.11053pt x 145.10352pt.
<images/images-clustering/REGION-7-technical-enterprise-solutions-[core]-2026-02-18.png, id=436, 2007.5pt x 2007.5pt>
File: images/images-clustering/REGION-7-technical-enterprise-solutions-[core]-2026-02-18.png Graphic file (type png)
<use images/images-clustering/REGION-7-technical-enterprise-solutions-[core]-2026-02-18.png>
Package pdftex.def Info: images/images-clustering/REGION-7-technical-enterprise-solutions-[core]-2026-02-18.png  used on input line 177.
(pdftex.def)             Requested size: 145.11053pt x 145.10352pt.
<images/images-clustering/REGION-10-corporate-research-&-infrastructure-[core]-2026-02-18.png, id=437, 2007.5pt x 2007.5pt>
File: images/images-clustering/REGION-10-corporate-research-&-infrastructure-[core]-2026-02-18.png Graphic file (type png)
<use images/images-clustering/REGION-10-corporate-research-&-infrastructure-[core]-2026-02-18.png>
Package pdftex.def Info: images/images-clustering/REGION-10-corporate-research-&-infrastructure-[core]-2026-02-18.png  used on input line 187.
(pdftex.def)             Requested size: 145.11053pt x 145.10352pt.
<images/images-clustering/REGION-11-global-tech-frontier-analysis-[core]-2026-02-18.png, id=438, 2007.5pt x 2007.5pt>
File: images/images-clustering/REGION-11-global-tech-frontier-analysis-[core]-2026-02-18.png Graphic file (type png)
<use images/images-clustering/REGION-11-global-tech-frontier-analysis-[core]-2026-02-18.png>
Package pdftex.def Info: images/images-clustering/REGION-11-global-tech-frontier-analysis-[core]-2026-02-18.png  used on input line 193.
(pdftex.def)             Requested size: 145.11053pt x 145.10352pt.
<images/images-clustering/REGION-12-synthetic-intelligence-&-market-trends-[core]-2026-02-18.png, id=439, 2007.5pt x 2007.5pt>
File: images/images-clustering/REGION-12-synthetic-intelligence-&-market-trends-[core]-2026-02-18.png Graphic file (type png)
<use images/images-clustering/REGION-12-synthetic-intelligence-&-market-trends-[core]-2026-02-18.png>
Package pdftex.def Info: images/images-clustering/REGION-12-synthetic-intelligence-&-market-trends-[core]-2026-02-18.png  used on input line 199.
(pdftex.def)             Requested size: 145.11053pt x 145.10352pt.
<images/images-clustering/REGION-13-mainstream-economic-transformation-[core]-2026-02-18.png, id=440, 2007.5pt x 2007.5pt>
File: images/images-clustering/REGION-13-mainstream-economic-transformation-[core]-2026-02-18.png Graphic file (type png)
<use images/images-clustering/REGION-13-mainstream-economic-transformation-[core]-2026-02-18.png>
Package pdftex.def Info: images/images-clustering/REGION-13-mainstream-economic-transformation-[core]-2026-02-18.png  used on input line 205.
(pdftex.def)             Requested size: 145.11053pt x 145.10352pt.
<images/images-clustering/REGION-14-cross-border-ai-integration-[core]-2026-02-18.png, id=441, 2007.5pt x 2007.5pt>
File: images/images-clustering/REGION-14-cross-border-ai-integration-[core]-2026-02-18.png Graphic file (type png)
<use images/images-clustering/REGION-14-cross-border-ai-integration-[core]-2026-02-18.png>
Package pdftex.def Info: images/images-clustering/REGION-14-cross-border-ai-integration-[core]-2026-02-18.png  used on input line 211.
(pdftex.def)             Requested size: 145.11053pt x 145.10352pt.
 [16

] [17 <./images/images-clustering/REGION-0-global-regulatory-&-policy-frameworks-[core]-2026-02-18.png> <./images/images-clustering/REGION-1-practical-ai-educational-narratives-[core]-2026-02-18.png> <./images/images-clustering/REGION-2-institutional-alignment-&-compliance-[core]-2026-02-18.png> <./images/images-clustering/REGION-3-technological-market-expansion-[core]-2026-02-18.png> <./images/images-clustering/REGION-4-localized-innovation-dynamics-[core]-2026-02-18.png> <./images/images-clustering/REGION-5-continental-ai-strategy-&-adoption-[core]-2026-02-18.png> <./images/images-clustering/REGION-6-human-centric-ai-literacy-[core]-2026-02-18.png> <./images/images-clustering/REGION-7-technical-enterprise-solutions-[core]-2026-02-18.png>] [18 <./images/images-clustering/REGION-10-corporate-research-&-infrastructure-[core]-2026-02-18.png> <./images/images-clustering/REGION-11-global-tech-frontier-analysis-[core]-2026-02-18.png> <./images/images-clustering/REGION-12-synthetic-intelligence-&-market-trends-[core]-2026-02-18.png> <./images/images-clustering/REGION-13-mainstream-economic-transformation-[core]-2026-02-18.png> <./images/images-clustering/REGION-14-cross-border-ai-integration-[core]-2026-02-18.png>]
File: images/images-clustering/DNA-economic-momentum-2026-02-18.png Graphic file (type png)
<use images/images-clustering/DNA-economic-momentum-2026-02-18.png>
Package pdftex.def Info: images/images-clustering/DNA-economic-momentum-2026-02-18.png  used on input line 225.
(pdftex.def)             Requested size: 217.66211pt x 217.63995pt.
<images/images-clustering/DNA-ethics-vs.-utility-2026-02-18.png, id=469, 2007.5pt x 2007.5pt>
File: images/images-clustering/DNA-ethics-vs.-utility-2026-02-18.png Graphic file (type png)
<use images/images-clustering/DNA-ethics-vs.-utility-2026-02-18.png>
Package pdftex.def Info: images/images-clustering/DNA-ethics-vs.-utility-2026-02-18.png  used on input line 231.
(pdftex.def)             Requested size: 217.66211pt x 217.63995pt.
<images/images-clustering/DNA-geopolitical-scope-2026-02-18.png, id=470, 2007.5pt x 2007.5pt>
File: images/images-clustering/DNA-geopolitical-scope-2026-02-18.png Graphic file (type png)
<use images/images-clustering/DNA-geopolitical-scope-2026-02-18.png>
Package pdftex.def Info: images/images-clustering/DNA-geopolitical-scope-2026-02-18.png  used on input line 238.
(pdftex.def)             Requested size: 217.66211pt x 217.63995pt.
<images/images-clustering/DNA-opportunity-vs.-risk-2026-02-18.png, id=471, 2007.5pt x 2007.5pt>
File: images/images-clustering/DNA-opportunity-vs.-risk-2026-02-18.png Graphic file (type png)
<use images/images-clustering/DNA-opportunity-vs.-risk-2026-02-18.png>
Package pdftex.def Info: images/images-clustering/DNA-opportunity-vs.-risk-2026-02-18.png  used on input line 244.
(pdftex.def)             Requested size: 217.66211pt x 217.63995pt.
<images/images-clustering/DNA-regulatory-pressure-2026-02-18.png, id=472, 2007.5pt x 2007.5pt>
File: images/images-clustering/DNA-regulatory-pressure-2026-02-18.png Graphic file (type png)
<use images/images-clustering/DNA-regulatory-pressure-2026-02-18.png>
Package pdftex.def Info: images/images-clustering/DNA-regulatory-pressure-2026-02-18.png  used on input line 254.
(pdftex.def)             Requested size: 217.66211pt x 217.63995pt.
<images/images-clustering/DNA-technical-depth-2026-02-18.png, id=473, 2007.5pt x 2007.5pt>
File: images/images-clustering/DNA-technical-depth-2026-02-18.png Graphic file (type png)
<use images/images-clustering/DNA-technical-depth-2026-02-18.png>
Package pdftex.def Info: images/images-clustering/DNA-technical-depth-2026-02-18.png  used on input line 260.
(pdftex.def)             Requested size: 217.66211pt x 217.63995pt.
<images/images-clustering/DNA-urgency-_-sentiment-2026-02-18.png, id=474, 2007.5pt x 2007.5pt>
File: images/images-clustering/DNA-urgency-_-sentiment-2026-02-18.png Graphic file (type png)
<use images/images-clustering/DNA-urgency-_-sentiment-2026-02-18.png>
Package pdftex.def Info: images/images-clustering/DNA-urgency-_-sentiment-2026-02-18.png  used on input line 267.
(pdftex.def)             Requested size: 217.66211pt x 217.63995pt.
) [19

 <./images/images-clustering/DNA-ethics-vs.-utility-2026-02-18.png> <./images/images-clustering/DNA-geopolitical-scope-2026-02-18.png> <./images/images-clustering/DNA-opportunity-vs.-risk-2026-02-18.png>] [20 <./images/images-clustering/DNA-regulatory-pressure-2026-02-18.png> <./images/images-clustering/DNA-technical-depth-2026-02-18.png> <./images/images-clustering/DNA-urgency-_-sentiment-2026-02-18.png>] (./hugo-sergio_report.aux)
 ***********
LaTeX2e <2023-11-01> patch level 1
L3 programming layer <2024-01-22>
 ***********
Package rerunfilecheck Info: File `hugo-sergio_report.out' has not changed.
(rerunfilecheck)             Checksum: C93BA67714AFC31436711A7473A2C3F7;6690.
Package logreq Info: Writing requests to 'hugo-sergio_report.run.xml'.
\openout1 = `hugo-sergio_report.run.xml'.

 ) 
Here is how much of TeX's memory you used:
 20620 strings out of 474222
 393291 string characters out of 5748733
 1948975 words of memory out of 5000000
 42515 multiletter control sequences out of 15000+600000
 609065 words of font info for 66 fonts, out of 8000000 for 9000
 1141 hyphenation exceptions out of 8191
 75i,9n,81p,1950b,1977s stack positions out of 10000i,1000n,20000p,200000b,200000s
</usr/share/texmf/fonts/type1/public/lm/lmbx10.pfb></usr/share/texmf/fonts/type1/public/lm/lmbx12.pfb></usr/share/texmf/fonts/type1/public/lm/lmbx9.pfb></usr/share/texmf/fonts/type1/public/lm/lmcsc10.pfb></usr/share/texmf/fonts/type1/public/lm/lmmi10.pfb></usr/share/texmf/fonts/type1/public/lm/lmmi9.pfb></usr/share/texmf/fonts/type1/public/lm/lmr10.pfb></usr/share/texmf/fonts/type1/public/lm/lmr12.pfb></usr/share/texmf/fonts/type1/public/lm/lmr8.pfb></usr/share/texmf/fonts/type1/public/lm/lmr9.pfb></usr/share/texmf/fonts/type1/public/lm/lmri10.pfb></usr/share/texmf/fonts/type1/public/lm/lmsy10.pfb></usr/share/texmf/fonts/type1/public/lm/lmtt10.pfb></usr/share/texmf/fonts/type1/public/lm/lmtt9.pfb>
Output written on hugo-sergio_report.pdf (20 pages, 14255840 bytes).
PDF statistics:
 590 PDF objects out of 1000 (max. 8388607)
 406 compressed objects within 5 object streams
 111 named destinations out of 1000 (max. 500000)
 580 words of extra memory for PDF output out of 10000 (max. 10000000)

